# JRE version: 7.0_17-b02
# Java VM: Java HotSpot(TM) Client VM (23.7-b01 mixed mode, sharing windows-x86 )
Heap
 def new generation   total 4992K, used 4417K [0x23cf0000, 0x24250000, 0x29240000)
  eden space 4480K,  98% used [0x23cf0000, 0x241404b8, 0x24150000)
  from space 512K,   0% used [0x24150000, 0x24150000, 0x241d0000)
  to   space 512K,   0% used [0x241d0000, 0x241d0000, 0x24250000)
 tenured generation   total 10944K, used 10905K [0x29240000, 0x29cf0000, 0x33cf0000)
   the space 10944K,  99% used [0x29240000, 0x29ce6530, 0x29ce6600, 0x29cf0000)
 compacting perm gen  total 12288K, used 1624K [0x33cf0000, 0x348f0000, 0x37cf0000)
   the space 12288K,  13% used [0x33cf0000, 0x33e862d0, 0x33e86400, 0x348f0000)
    ro space 10240K,  45% used [0x37cf0000, 0x381773d8, 0x38177400, 0x386f0000)
    rw space 12288K,  54% used [0x386f0000, 0x38d7acc8, 0x38d7ae00, 0x392f0000)
GC Heap History (10 events):
Event: 2.292 GC heap before
{Heap before GC invocations=5 (full 0):
 def new generation   total 4928K, used 4285K [0x23cf0000, 0x24240000, 0x29240000)
  eden space 4416K,  91% used [0x23cf0000, 0x240e3b50, 0x24140000)
  from space 512K,  46% used [0x241c0000, 0x241fb9f8, 0x24240000)
  to   space 512K,   0% used [0x24140000, 0x24140000, 0x241c0000)
 tenured generation   total 10944K, used 5847K [0x29240000, 0x29cf0000, 0x33cf0000)
   the space 10944K,  53% used [0x29240000, 0x297f5e68, 0x297f6000, 0x29cf0000)
 compacting perm gen  total 12288K, used 1495K [0x33cf0000, 0x348f0000, 0x37cf0000)
   the space 12288K,  12% used [0x33cf0000, 0x33e65d78, 0x33e65e00, 0x348f0000)
    ro space 10240K,  45% used [0x37cf0000, 0x381773d8, 0x38177400, 0x386f0000)
    rw space 12288K,  54% used [0x386f0000, 0x38d7acc8, 0x38d7ae00, 0x392f0000)
Event: 2.293 GC heap after
Heap after GC invocations=6 (full 0):
 def new generation   total 4928K, used 355K [0x23cf0000, 0x24240000, 0x29240000)
  eden space 4416K,   0% used [0x23cf0000, 0x23cf0000, 0x24140000)
  from space 512K,  69% used [0x24140000, 0x24198de8, 0x241c0000)
  to   space 512K,   0% used [0x241c0000, 0x241c0000, 0x24240000)
 tenured generation   total 10944K, used 6771K [0x29240000, 0x29cf0000, 0x33cf0000)
   the space 10944K,  61% used [0x29240000, 0x298dcee0, 0x298dd000, 0x29cf0000)
 compacting perm gen  total 12288K, used 1495K [0x33cf0000, 0x348f0000, 0x37cf0000)
   the space 12288K,  12% used [0x33cf0000, 0x33e65d78, 0x33e65e00, 0x348f0000)
    ro space 10240K,  45% used [0x37cf0000, 0x381773d8, 0x38177400, 0x386f0000)
    rw space 12288K,  54% used [0x386f0000, 0x38d7acc8, 0x38d7ae00, 0x392f0000)
}
Event: 2.323 GC heap before
{Heap before GC invocations=6 (full 0):
 def new generation   total 4928K, used 4517K [0x23cf0000, 0x24240000, 0x29240000)
  eden space 4416K,  94% used [0x23cf0000, 0x24100978, 0x24140000)
  from space 512K,  69% used [0x24140000, 0x24198de8, 0x241c0000)
  to   space 512K,   0% used [0x241c0000, 0x241c0000, 0x24240000)
 tenured generation   total 10944K, used 6771K [0x29240000, 0x29cf0000, 0x33cf0000)
   the space 10944K,  61% used [0x29240000, 0x298dcee0, 0x298dd000, 0x29cf0000)
 compacting perm gen  total 12288K, used 1495K [0x33cf0000, 0x348f0000, 0x37cf0000)
   the space 12288K,  12% used [0x33cf0000, 0x33e65d98, 0x33e65e00, 0x348f0000)
    ro space 10240K,  45% used [0x37cf0000, 0x381773d8, 0x38177400, 0x386f0000)
    rw space 12288K,  54% used [0x386f0000, 0x38d7acc8, 0x38d7ae00, 0x392f0000)
Event: 2.324 GC heap after
Heap after GC invocations=7 (full 0):
 def new generation   total 4928K, used 355K [0x23cf0000, 0x24240000, 0x29240000)
  eden space 4416K,   0% used [0x23cf0000, 0x23cf0000, 0x24140000)
  from space 512K,  69% used [0x241c0000, 0x24218e28, 0x24240000)
  to   space 512K,   0% used [0x24140000, 0x24140000, 0x241c0000)
 tenured generation   total 10944K, used 7842K [0x29240000, 0x29cf0000, 0x33cf0000)
   the space 10944K,  71% used [0x29240000, 0x299e8ad0, 0x299e8c00, 0x29cf0000)
 compacting perm gen  total 12288K, used 1495K [0x33cf0000, 0x348f0000, 0x37cf0000)
   the space 12288K,  12% used [0x33cf0000, 0x33e65d98, 0x33e65e00, 0x348f0000)
    ro space 10240K,  45% used [0x37cf0000, 0x381773d8, 0x38177400, 0x386f0000)
    rw space 12288K,  54% used [0x386f0000, 0x38d7acc8, 0x38d7ae00, 0x392f0000)
}
Event: 2.362 GC heap before
{Heap before GC invocations=7 (full 0):
 def new generation   total 4928K, used 4697K [0x23cf0000, 0x24240000, 0x29240000)
  eden space 4416K,  98% used [0x23cf0000, 0x2412d958, 0x24140000)
  from space 512K,  69% used [0x241c0000, 0x24218e28, 0x24240000)
  to   space 512K,   0% used [0x24140000, 0x24140000, 0x241c0000)
 tenured generation   total 10944K, used 7842K [0x29240000, 0x29cf0000, 0x33cf0000)
   the space 10944K,  71% used [0x29240000, 0x299e8ad0, 0x299e8c00, 0x29cf0000)
 compacting perm gen  total 12288K, used 1495K [0x33cf0000, 0x348f0000, 0x37cf0000)
   the space 12288K,  12% used [0x33cf0000, 0x33e65de8, 0x33e65e00, 0x348f0000)
    ro space 10240K,  45% used [0x37cf0000, 0x381773d8, 0x38177400, 0x386f0000)
    rw space 12288K,  54% used [0x386f0000, 0x38d7acc8, 0x38d7ae00, 0x392f0000)
Event: 2.364 GC heap after
Heap after GC invocations=8 (full 0):
 def new generation   total 4928K, used 349K [0x23cf0000, 0x24240000, 0x29240000)
  eden space 4416K,   0% used [0x23cf0000, 0x23cf0000, 0x24140000)
  from space 512K,  68% used [0x24140000, 0x24197760, 0x241c0000)
  to   space 512K,   0% used [0x241c0000, 0x241c0000, 0x24240000)
 tenured generation   total 10944K, used 8955K [0x29240000, 0x29cf0000, 0x33cf0000)
   the space 10944K,  81% used [0x29240000, 0x29afee00, 0x29afee00, 0x29cf0000)
 compacting perm gen  total 12288K, used 1495K [0x33cf0000, 0x348f0000, 0x37cf0000)
   the space 12288K,  12% used [0x33cf0000, 0x33e65de8, 0x33e65e00, 0x348f0000)
    ro space 10240K,  45% used [0x37cf0000, 0x381773d8, 0x38177400, 0x386f0000)
    rw space 12288K,  54% used [0x386f0000, 0x38d7acc8, 0x38d7ae00, 0x392f0000)
}
Event: 2.387 GC heap before
{Heap before GC invocations=8 (full 0):
 def new generation   total 4928K, used 4765K [0x23cf0000, 0x24240000, 0x29240000)
  eden space 4416K, 100% used [0x23cf0000, 0x24140000, 0x24140000)
  from space 512K,  68% used [0x24140000, 0x24197760, 0x241c0000)
  to   space 512K,   0% used [0x241c0000, 0x241c0000, 0x24240000)
 tenured generation   total 10944K, used 8955K [0x29240000, 0x29cf0000, 0x33cf0000)
   the space 10944K,  81% used [0x29240000, 0x29afee00, 0x29afee00, 0x29cf0000)
 compacting perm gen  total 12288K, used 1495K [0x33cf0000, 0x348f0000, 0x37cf0000)
   the space 12288K,  12% used [0x33cf0000, 0x33e65e28, 0x33e66000, 0x348f0000)
    ro space 10240K,  45% used [0x37cf0000, 0x381773d8, 0x38177400, 0x386f0000)
    rw space 12288K,  54% used [0x386f0000, 0x38d7acc8, 0x38d7ae00, 0x392f0000)
Event: 2.389 GC heap after
Heap after GC invocations=9 (full 0):
 def new generation   total 4928K, used 363K [0x23cf0000, 0x24240000, 0x29240000)
  eden space 4416K,   0% used [0x23cf0000, 0x23cf0000, 0x24140000)
  from space 512K,  71% used [0x241c0000, 0x2421af40, 0x24240000)
  to   space 512K,   0% used [0x24140000, 0x24140000, 0x241c0000)
 tenured generation   total 10944K, used 10095K [0x29240000, 0x29cf0000, 0x33cf0000)
   the space 10944K,  92% used [0x29240000, 0x29c1bd70, 0x29c1be00, 0x29cf0000)
 compacting perm gen  total 12288K, used 1495K [0x33cf0000, 0x348f0000, 0x37cf0000)
   the space 12288K,  12% used [0x33cf0000, 0x33e65e28, 0x33e66000, 0x348f0000)
    ro space 10240K,  45% used [0x37cf0000, 0x381773d8, 0x38177400, 0x386f0000)
    rw space 12288K,  54% used [0x386f0000, 0x38d7acc8, 0x38d7ae00, 0x392f0000)
}
Event: 2.418 GC heap before
{Heap before GC invocations=9 (full 0):
 def new generation   total 4928K, used 3790K [0x23cf0000, 0x24240000, 0x29240000)
  eden space 4416K,  77% used [0x23cf0000, 0x24048c80, 0x24140000)
  from space 512K,  71% used [0x241c0000, 0x2421af40, 0x24240000)
  to   space 512K,   0% used [0x24140000, 0x24140000, 0x241c0000)
 tenured generation   total 10944K, used 10095K [0x29240000, 0x29cf0000, 0x33cf0000)
   the space 10944K,  92% used [0x29240000, 0x29c1bd70, 0x29c1be00, 0x29cf0000)
 compacting perm gen  total 12288K, used 1495K [0x33cf0000, 0x348f0000, 0x37cf0000)
   the space 12288K,  12% used [0x33cf0000, 0x33e65fc0, 0x33e66000, 0x348f0000)
    ro space 10240K,  45% used [0x37cf0000, 0x381773d8, 0x38177400, 0x386f0000)
    rw space 12288K,  54% used [0x386f0000, 0x38d7acc8, 0x38d7ae00, 0x392f0000)
Event: 2.436 GC heap after
Heap after GC invocations=10 (full 1):
 def new generation   total 4992K, used 0K [0x23cf0000, 0x24250000, 0x29240000)
  eden space 4480K,   0% used [0x23cf0000, 0x23cf0000, 0x24150000)
  from space 512K,   0% used [0x24150000, 0x24150000, 0x241d0000)
  to   space 512K,   0% used [0x241d0000, 0x241d0000, 0x24250000)
 tenured generation   total 10944K, used 2471K [0x29240000, 0x29cf0000, 0x33cf0000)
   the space 10944K,  22% used [0x29240000, 0x294a9f08, 0x294aa000, 0x29cf0000)
 compacting perm gen  total 12288K, used 1495K [0x33cf0000, 0x348f0000, 0x37cf0000)
   the space 12288K,  12% used [0x33cf0000, 0x33e65fc0, 0x33e66000, 0x348f0000)
    ro space 10240K,  45% used [0x37cf0000, 0x381773d8, 0x38177400, 0x386f0000)
    rw space 12288K,  54% used [0x386f0000, 0x38d7acc8, 0x38d7ae00, 0x392f0000)
}

